imported 16 files
imported 16 files
imported 16 files
imported 16 files
imported 16 files
imported 16 files
imported 16 files
imported 16 files
imported 16 files
imported 16 files
imported 16 files
imported 16 files
imported 16 files
imported 16 files
imported 16 files
imported 16 files

------------------------------------------------------------
Sender: LSF System <lsf@hequ0144>
Subject: Job 8935: <mpiexec -n 16 python A3.py> in cluster <slac> Exited

Job <mpiexec -n 16 python A3.py> was submitted from host <rhel6-64k> by user <phsun> in cluster <slac>.
Job was executed on host(s) <hequ0144>, in queue <long>, as user <phsun> in cluster <slac>.
</u/xo/phsun> was used as the home directory.
</u/xo/phsun/dislocation_loop> was used as the working directory.
Started at Sat Aug 20 15:27:18 2016
Results reported on Sat Aug 20 15:27:25 2016

Your job looked like:

------------------------------------------------------------
# LSBATCH: User input
mpiexec -n 16 python A3.py
------------------------------------------------------------

Exited with exit code 1.

Resource usage summary:

    CPU time :                                   3.03 sec.
    Max Memory :                                 129 MB
    Average Memory :                             129.00 MB
    Total Requested Memory :                     -
    Delta Memory :                               -
    Max Swap :                                   3597 MB
    Max Processes :                              20
    Max Threads :                                21
    Run time :                                   7 sec.
    Turnaround time :                            8 sec.

The output (if any) is above this job summary.



PS:

Read file <Al_A3.err> for stderr output of this job.

imported 16 files
imported 16 files
imported 16 files
imported 16 files
imported 16 files
imported 16 files
imported 16 files
imported 16 files
imported 16 files
imported 16 files
imported 16 files
imported 16 files
imported 16 files
imported 16 files
imported 16 files
imported 16 files

------------------------------------------------------------
Sender: LSF System <lsf@hequ0144>
Subject: Job 9488: <mpiexec -np 16 python A3.py> in cluster <slac> Exited

Job <mpiexec -np 16 python A3.py> was submitted from host <rhel6-64k> by user <phsun> in cluster <slac>.
Job was executed on host(s) <1*hequ0144>, in queue <long>, as user <phsun> in cluster <slac>.
                            <1*hequ0171>
                            <1*hequ0006>
                            <1*fell0015>
                            <1*dole0015>
                            <1*dole0031>
                            <2*hequ0106>
                            <2*hequ0112>
                            <2*hequ0114>
                            <2*hequ0126>
                            <2*hequ0161>
</u/xo/phsun> was used as the home directory.
</u/xo/phsun/dislocation_loop> was used as the working directory.
Started at Sat Aug 20 15:29:52 2016
Results reported on Sat Aug 20 16:00:54 2016

Your job looked like:

------------------------------------------------------------
# LSBATCH: User input
mpiexec -np 16 python A3.py
------------------------------------------------------------

Exited with exit code 1.

Resource usage summary:

    CPU time :                                   14085.02 sec.
    Max Memory :                                 448 MB
    Average Memory :                             441.11 MB
    Total Requested Memory :                     -
    Delta Memory :                               -
    Max Swap :                                   4047 MB
    Max Processes :                              25
    Max Threads :                                25
    Run time :                                   1862 sec.
    Turnaround time :                            1863 sec.

The output (if any) is above this job summary.



PS:

Read file <Al_A3.err> for stderr output of this job.

imported 16 files
imported 16 files
imported 16 files
imported 16 files
imported 16 files
imported 16 files
imported 16 files
imported 16 files
imported 16 files
imported 16 files
imported 16 files
imported 16 files
imported 16 files
imported 16 files
imported 16 files
imported 16 files
Ctrl-C caught... cleaning up processes

------------------------------------------------------------
Sender: LSF System <lsf@hequ0112>
Subject: Job 22806: <mpiexec -n 16 python A3.py> in cluster <slac> Exited

Job <mpiexec -n 16 python A3.py> was submitted from host <rhel6-64k> by user <phsun> in cluster <slac>.
Job was executed on host(s) <hequ0112>, in queue <long>, as user <phsun> in cluster <slac>.
</u/xo/phsun> was used as the home directory.
</u/xo/phsun/dislocation_loop> was used as the working directory.
Started at Sat Aug 20 16:15:55 2016
Results reported on Sat Aug 20 16:20:35 2016

Your job looked like:

------------------------------------------------------------
# LSBATCH: User input
mpiexec -n 16 python A3.py
------------------------------------------------------------

TERM_OWNER: job killed by owner.
Exited with exit code 1.

Resource usage summary:

    CPU time :                                   272.22 sec.
    Max Memory :                                 305 MB
    Average Memory :                             305.00 MB
    Total Requested Memory :                     -
    Delta Memory :                               -
    Max Swap :                                   6541 MB
    Max Processes :                              20
    Max Threads :                                21
    Run time :                                   280 sec.
    Turnaround time :                            281 sec.

The output (if any) is above this job summary.



PS:

Read file <Al_A3.err> for stderr output of this job.

